<?xml version="1.0" encoding="UTF-8"?>
<testsuite xmlns:xsi="http://www.w3.org/2001/XMLSchema-instance" xsi:noNamespaceSchemaLocation="https://maven.apache.org/surefire/maven-surefire-plugin/xsd/surefire-test-report.xsd" name="com.tt.provider.Provider1ApplicationTests" time="5.422" tests="1" errors="0" skipped="0" failures="0">
  <properties>
    <property name="sun.desktop" value="windows"/>
    <property name="awt.toolkit" value="sun.awt.windows.WToolkit"/>
    <property name="file.encoding.pkg" value="sun.io"/>
    <property name="java.specification.version" value="1.8"/>
    <property name="sun.cpu.isalist" value="amd64"/>
    <property name="sun.jnu.encoding" value="GBK"/>
    <property name="java.class.path" value="E:\intellij_workspace1\tt-project\provider1\target\test-classes;E:\intellij_workspace1\tt-project\provider1\target\classes;E:\intellij_workspace1\tt-project\demo-dao\target\demo-dao-0.0.1-SNAPSHOT.jar;F:\软件\mavenRepository\org\springframework\boot\spring-boot-starter\2.0.4.RELEASE\spring-boot-starter-2.0.4.RELEASE.jar;F:\软件\mavenRepository\org\springframework\boot\spring-boot\2.0.4.RELEASE\spring-boot-2.0.4.RELEASE.jar;F:\软件\mavenRepository\org\springframework\boot\spring-boot-autoconfigure\2.0.4.RELEASE\spring-boot-autoconfigure-2.0.4.RELEASE.jar;F:\软件\mavenRepository\org\springframework\boot\spring-boot-starter-logging\2.0.4.RELEASE\spring-boot-starter-logging-2.0.4.RELEASE.jar;F:\软件\mavenRepository\ch\qos\logback\logback-classic\1.2.3\logback-classic-1.2.3.jar;F:\软件\mavenRepository\ch\qos\logback\logback-core\1.2.3\logback-core-1.2.3.jar;F:\软件\mavenRepository\org\apache\logging\log4j\log4j-to-slf4j\2.10.0\log4j-to-slf4j-2.10.0.jar;F:\软件\mavenRepository\org\apache\logging\log4j\log4j-api\2.10.0\log4j-api-2.10.0.jar;F:\软件\mavenRepository\org\slf4j\jul-to-slf4j\1.7.25\jul-to-slf4j-1.7.25.jar;F:\软件\mavenRepository\javax\annotation\javax.annotation-api\1.3.2\javax.annotation-api-1.3.2.jar;F:\软件\mavenRepository\org\yaml\snakeyaml\1.19\snakeyaml-1.19.jar;F:\软件\mavenRepository\com\tt\utils\0.0.1-SNAPSHOT\utils-0.0.1-SNAPSHOT.jar;F:\软件\mavenRepository\org\springframework\boot\spring-boot-starter-aop\2.0.4.RELEASE\spring-boot-starter-aop-2.0.4.RELEASE.jar;F:\软件\mavenRepository\org\springframework\spring-aop\5.0.8.RELEASE\spring-aop-5.0.8.RELEASE.jar;F:\软件\mavenRepository\org\aspectj\aspectjweaver\1.8.13\aspectjweaver-1.8.13.jar;F:\软件\mavenRepository\org\springframework\cloud\spring-cloud-starter-netflix-eureka-client\2.0.1.RELEASE\spring-cloud-starter-netflix-eureka-client-2.0.1.RELEASE.jar;F:\软件\mavenRepository\org\springframework\cloud\spring-cloud-starter\2.0.1.RELEASE\spring-cloud-starter-2.0.1.RELEASE.jar;F:\软件\mavenRepository\org\springframework\cloud\spring-cloud-context\2.0.1.RELEASE\spring-cloud-context-2.0.1.RELEASE.jar;F:\软件\mavenRepository\org\springframework\security\spring-security-crypto\5.0.7.RELEASE\spring-security-crypto-5.0.7.RELEASE.jar;F:\软件\mavenRepository\org\springframework\cloud\spring-cloud-commons\2.0.1.RELEASE\spring-cloud-commons-2.0.1.RELEASE.jar;F:\软件\mavenRepository\org\springframework\security\spring-security-rsa\1.0.5.RELEASE\spring-security-rsa-1.0.5.RELEASE.jar;F:\软件\mavenRepository\org\bouncycastle\bcpkix-jdk15on\1.56\bcpkix-jdk15on-1.56.jar;F:\软件\mavenRepository\org\bouncycastle\bcprov-jdk15on\1.56\bcprov-jdk15on-1.56.jar;F:\软件\mavenRepository\org\springframework\cloud\spring-cloud-netflix-core\2.0.1.RELEASE\spring-cloud-netflix-core-2.0.1.RELEASE.jar;F:\软件\mavenRepository\org\springframework\cloud\spring-cloud-netflix-eureka-client\2.0.1.RELEASE\spring-cloud-netflix-eureka-client-2.0.1.RELEASE.jar;F:\软件\mavenRepository\com\netflix\eureka\eureka-client\1.9.3\eureka-client-1.9.3.jar;F:\软件\mavenRepository\org\codehaus\jettison\jettison\1.3.7\jettison-1.3.7.jar;F:\软件\mavenRepository\stax\stax-api\1.0.1\stax-api-1.0.1.jar;F:\软件\mavenRepository\com\netflix\netflix-commons\netflix-eventbus\0.3.0\netflix-eventbus-0.3.0.jar;F:\软件\mavenRepository\com\netflix\netflix-commons\netflix-infix\0.3.0\netflix-infix-0.3.0.jar;F:\软件\mavenRepository\commons-jxpath\commons-jxpath\1.3\commons-jxpath-1.3.jar;F:\软件\mavenRepository\joda-time\joda-time\2.9.9\joda-time-2.9.9.jar;F:\软件\mavenRepository\org\antlr\antlr-runtime\3.4\antlr-runtime-3.4.jar;F:\软件\mavenRepository\org\antlr\stringtemplate\3.2.1\stringtemplate-3.2.1.jar;F:\软件\mavenRepository\antlr\antlr\2.7.7\antlr-2.7.7.jar;F:\软件\mavenRepository\com\google\code\gson\gson\2.8.5\gson-2.8.5.jar;F:\软件\mavenRepository\org\apache\commons\commons-math\2.2\commons-math-2.2.jar;F:\软件\mavenRepository\com\netflix\archaius\archaius-core\0.7.6\archaius-core-0.7.6.jar;F:\软件\mavenRepository\com\google\guava\guava\16.0\guava-16.0.jar;F:\软件\mavenRepository\javax\ws\rs\jsr311-api\1.1.1\jsr311-api-1.1.1.jar;F:\软件\mavenRepository\com\netflix\servo\servo-core\0.12.21\servo-core-0.12.21.jar;F:\软件\mavenRepository\com\sun\jersey\jersey-core\1.19.1\jersey-core-1.19.1.jar;F:\软件\mavenRepository\com\sun\jersey\jersey-client\1.19.1\jersey-client-1.19.1.jar;F:\软件\mavenRepository\com\sun\jersey\contribs\jersey-apache-client4\1.19.1\jersey-apache-client4-1.19.1.jar;F:\软件\mavenRepository\org\apache\httpcomponents\httpclient\4.5.6\httpclient-4.5.6.jar;F:\软件\mavenRepository\org\apache\httpcomponents\httpcore\4.4.10\httpcore-4.4.10.jar;F:\软件\mavenRepository\commons-codec\commons-codec\1.11\commons-codec-1.11.jar;F:\软件\mavenRepository\com\google\inject\guice\4.1.0\guice-4.1.0.jar;F:\软件\mavenRepository\javax\inject\javax.inject\1\javax.inject-1.jar;F:\软件\mavenRepository\aopalliance\aopalliance\1.0\aopalliance-1.0.jar;F:\软件\mavenRepository\com\github\vlsi\compactmap\compactmap\1.2.1\compactmap-1.2.1.jar;F:\软件\mavenRepository\com\github\andrewoma\dexx\dexx-collections\0.2\dexx-collections-0.2.jar;F:\软件\mavenRepository\com\fasterxml\jackson\core\jackson-annotations\2.9.0\jackson-annotations-2.9.0.jar;F:\软件\mavenRepository\com\fasterxml\jackson\core\jackson-core\2.9.6\jackson-core-2.9.6.jar;F:\软件\mavenRepository\com\fasterxml\jackson\core\jackson-databind\2.9.6\jackson-databind-2.9.6.jar;F:\软件\mavenRepository\com\netflix\eureka\eureka-core\1.9.3\eureka-core-1.9.3.jar;F:\软件\mavenRepository\org\codehaus\woodstox\woodstox-core-asl\4.4.1\woodstox-core-asl-4.4.1.jar;F:\软件\mavenRepository\javax\xml\stream\stax-api\1.0-2\stax-api-1.0-2.jar;F:\软件\mavenRepository\org\codehaus\woodstox\stax2-api\3.1.4\stax2-api-3.1.4.jar;F:\软件\mavenRepository\org\springframework\cloud\spring-cloud-starter-netflix-archaius\2.0.1.RELEASE\spring-cloud-starter-netflix-archaius-2.0.1.RELEASE.jar;F:\软件\mavenRepository\org\springframework\cloud\spring-cloud-netflix-ribbon\2.0.1.RELEASE\spring-cloud-netflix-ribbon-2.0.1.RELEASE.jar;F:\软件\mavenRepository\org\springframework\cloud\spring-cloud-netflix-archaius\2.0.1.RELEASE\spring-cloud-netflix-archaius-2.0.1.RELEASE.jar;F:\软件\mavenRepository\commons-configuration\commons-configuration\1.8\commons-configuration-1.8.jar;F:\软件\mavenRepository\commons-lang\commons-lang\2.6\commons-lang-2.6.jar;F:\软件\mavenRepository\org\springframework\cloud\spring-cloud-starter-netflix-ribbon\2.0.1.RELEASE\spring-cloud-starter-netflix-ribbon-2.0.1.RELEASE.jar;F:\软件\mavenRepository\com\netflix\ribbon\ribbon\2.2.5\ribbon-2.2.5.jar;F:\软件\mavenRepository\com\netflix\ribbon\ribbon-transport\2.2.5\ribbon-transport-2.2.5.jar;F:\软件\mavenRepository\io\reactivex\rxnetty-contexts\0.4.9\rxnetty-contexts-0.4.9.jar;F:\软件\mavenRepository\io\reactivex\rxnetty-servo\0.4.9\rxnetty-servo-0.4.9.jar;F:\软件\mavenRepository\com\netflix\hystrix\hystrix-core\1.5.12\hystrix-core-1.5.12.jar;F:\软件\mavenRepository\org\hdrhistogram\HdrHistogram\2.1.9\HdrHistogram-2.1.9.jar;F:\软件\mavenRepository\io\reactivex\rxnetty\0.4.9\rxnetty-0.4.9.jar;F:\软件\mavenRepository\io\netty\netty-codec-http\4.1.27.Final\netty-codec-http-4.1.27.Final.jar;F:\软件\mavenRepository\io\netty\netty-codec\4.1.27.Final\netty-codec-4.1.27.Final.jar;F:\软件\mavenRepository\io\netty\netty-transport-native-epoll\4.1.27.Final\netty-transport-native-epoll-4.1.27.Final.jar;F:\软件\mavenRepository\io\netty\netty-common\4.1.27.Final\netty-common-4.1.27.Final.jar;F:\软件\mavenRepository\io\netty\netty-buffer\4.1.27.Final\netty-buffer-4.1.27.Final.jar;F:\软件\mavenRepository\io\netty\netty-transport-native-unix-common\4.1.27.Final\netty-transport-native-unix-common-4.1.27.Final.jar;F:\软件\mavenRepository\io\netty\netty-transport\4.1.27.Final\netty-transport-4.1.27.Final.jar;F:\软件\mavenRepository\io\netty\netty-resolver\4.1.27.Final\netty-resolver-4.1.27.Final.jar;F:\软件\mavenRepository\com\netflix\ribbon\ribbon-core\2.2.5\ribbon-core-2.2.5.jar;F:\软件\mavenRepository\com\netflix\ribbon\ribbon-httpclient\2.2.5\ribbon-httpclient-2.2.5.jar;F:\软件\mavenRepository\commons-collections\commons-collections\3.2.2\commons-collections-3.2.2.jar;F:\软件\mavenRepository\com\netflix\netflix-commons\netflix-commons-util\0.3.0\netflix-commons-util-0.3.0.jar;F:\软件\mavenRepository\com\netflix\ribbon\ribbon-loadbalancer\2.2.5\ribbon-loadbalancer-2.2.5.jar;F:\软件\mavenRepository\com\netflix\netflix-commons\netflix-statistics\0.1.1\netflix-statistics-0.1.1.jar;F:\软件\mavenRepository\io\reactivex\rxjava\1.3.8\rxjava-1.3.8.jar;F:\软件\mavenRepository\com\netflix\ribbon\ribbon-eureka\2.2.5\ribbon-eureka-2.2.5.jar;F:\软件\mavenRepository\org\slf4j\slf4j-api\1.7.25\slf4j-api-1.7.25.jar;F:\软件\mavenRepository\com\thoughtworks\xstream\xstream\1.4.10\xstream-1.4.10.jar;F:\软件\mavenRepository\xmlpull\xmlpull\1.1.3.1\xmlpull-1.1.3.1.jar;F:\软件\mavenRepository\xpp3\xpp3_min\1.1.4c\xpp3_min-1.1.4c.jar;F:\软件\mavenRepository\org\springframework\boot\spring-boot-starter-test\2.0.4.RELEASE\spring-boot-starter-test-2.0.4.RELEASE.jar;F:\软件\mavenRepository\org\springframework\boot\spring-boot-test\2.0.4.RELEASE\spring-boot-test-2.0.4.RELEASE.jar;F:\软件\mavenRepository\org\springframework\boot\spring-boot-test-autoconfigure\2.0.4.RELEASE\spring-boot-test-autoconfigure-2.0.4.RELEASE.jar;F:\软件\mavenRepository\com\jayway\jsonpath\json-path\2.4.0\json-path-2.4.0.jar;F:\软件\mavenRepository\net\minidev\json-smart\2.3\json-smart-2.3.jar;F:\软件\mavenRepository\net\minidev\accessors-smart\1.2\accessors-smart-1.2.jar;F:\软件\mavenRepository\org\ow2\asm\asm\5.0.4\asm-5.0.4.jar;F:\软件\mavenRepository\junit\junit\4.12\junit-4.12.jar;F:\软件\mavenRepository\org\assertj\assertj-core\3.9.1\assertj-core-3.9.1.jar;F:\软件\mavenRepository\org\mockito\mockito-core\2.15.0\mockito-core-2.15.0.jar;F:\软件\mavenRepository\net\bytebuddy\byte-buddy\1.7.11\byte-buddy-1.7.11.jar;F:\软件\mavenRepository\net\bytebuddy\byte-buddy-agent\1.7.11\byte-buddy-agent-1.7.11.jar;F:\软件\mavenRepository\org\objenesis\objenesis\2.6\objenesis-2.6.jar;F:\软件\mavenRepository\org\hamcrest\hamcrest-core\1.3\hamcrest-core-1.3.jar;F:\软件\mavenRepository\org\hamcrest\hamcrest-library\1.3\hamcrest-library-1.3.jar;F:\软件\mavenRepository\org\skyscreamer\jsonassert\1.5.0\jsonassert-1.5.0.jar;F:\软件\mavenRepository\com\vaadin\external\google\android-json\0.0.20131108.vaadin1\android-json-0.0.20131108.vaadin1.jar;F:\软件\mavenRepository\org\springframework\spring-core\5.0.8.RELEASE\spring-core-5.0.8.RELEASE.jar;F:\软件\mavenRepository\org\springframework\spring-jcl\5.0.8.RELEASE\spring-jcl-5.0.8.RELEASE.jar;F:\软件\mavenRepository\org\springframework\spring-test\5.0.8.RELEASE\spring-test-5.0.8.RELEASE.jar;F:\软件\mavenRepository\org\xmlunit\xmlunit-core\2.5.1\xmlunit-core-2.5.1.jar;F:\软件\mavenRepository\org\springframework\boot\spring-boot-starter-web\2.0.4.RELEASE\spring-boot-starter-web-2.0.4.RELEASE.jar;F:\软件\mavenRepository\org\springframework\boot\spring-boot-starter-json\2.0.4.RELEASE\spring-boot-starter-json-2.0.4.RELEASE.jar;F:\软件\mavenRepository\com\fasterxml\jackson\datatype\jackson-datatype-jdk8\2.9.6\jackson-datatype-jdk8-2.9.6.jar;F:\软件\mavenRepository\com\fasterxml\jackson\datatype\jackson-datatype-jsr310\2.9.6\jackson-datatype-jsr310-2.9.6.jar;F:\软件\mavenRepository\com\fasterxml\jackson\module\jackson-module-parameter-names\2.9.6\jackson-module-parameter-names-2.9.6.jar;F:\软件\mavenRepository\org\springframework\boot\spring-boot-starter-tomcat\2.0.4.RELEASE\spring-boot-starter-tomcat-2.0.4.RELEASE.jar;F:\软件\mavenRepository\org\apache\tomcat\embed\tomcat-embed-core\8.5.32\tomcat-embed-core-8.5.32.jar;F:\软件\mavenRepository\org\apache\tomcat\embed\tomcat-embed-el\8.5.32\tomcat-embed-el-8.5.32.jar;F:\软件\mavenRepository\org\apache\tomcat\embed\tomcat-embed-websocket\8.5.32\tomcat-embed-websocket-8.5.32.jar;F:\软件\mavenRepository\org\hibernate\validator\hibernate-validator\6.0.11.Final\hibernate-validator-6.0.11.Final.jar;F:\软件\mavenRepository\javax\validation\validation-api\2.0.1.Final\validation-api-2.0.1.Final.jar;F:\软件\mavenRepository\org\jboss\logging\jboss-logging\3.3.2.Final\jboss-logging-3.3.2.Final.jar;F:\软件\mavenRepository\com\fasterxml\classmate\1.3.4\classmate-1.3.4.jar;F:\软件\mavenRepository\org\springframework\spring-web\5.0.8.RELEASE\spring-web-5.0.8.RELEASE.jar;F:\软件\mavenRepository\org\springframework\spring-beans\5.0.8.RELEASE\spring-beans-5.0.8.RELEASE.jar;F:\软件\mavenRepository\org\springframework\spring-webmvc\5.0.8.RELEASE\spring-webmvc-5.0.8.RELEASE.jar;F:\软件\mavenRepository\org\springframework\spring-context\5.0.8.RELEASE\spring-context-5.0.8.RELEASE.jar;F:\软件\mavenRepository\org\springframework\spring-expression\5.0.8.RELEASE\spring-expression-5.0.8.RELEASE.jar;F:\软件\mavenRepository\tk\mybatis\mapper-spring-boot-starter\1.2.4\mapper-spring-boot-starter-1.2.4.jar;F:\软件\mavenRepository\org\springframework\boot\spring-boot-starter-jdbc\2.0.4.RELEASE\spring-boot-starter-jdbc-2.0.4.RELEASE.jar;F:\软件\mavenRepository\com\zaxxer\HikariCP\2.7.9\HikariCP-2.7.9.jar;F:\软件\mavenRepository\org\springframework\spring-jdbc\5.0.8.RELEASE\spring-jdbc-5.0.8.RELEASE.jar;F:\软件\mavenRepository\org\springframework\spring-tx\5.0.8.RELEASE\spring-tx-5.0.8.RELEASE.jar;F:\软件\mavenRepository\org\mybatis\mybatis\3.4.5\mybatis-3.4.5.jar;F:\软件\mavenRepository\org\mybatis\mybatis-spring\1.3.1\mybatis-spring-1.3.1.jar;F:\软件\mavenRepository\tk\mybatis\mapper-spring-boot-autoconfigure\1.2.4\mapper-spring-boot-autoconfigure-1.2.4.jar;F:\软件\mavenRepository\tk\mybatis\mapper\3.5.3\mapper-3.5.3.jar;F:\软件\mavenRepository\javax\persistence\persistence-api\1.0\persistence-api-1.0.jar;F:\软件\mavenRepository\org\mybatis\generator\mybatis-generator-core\1.3.2\mybatis-generator-core-1.3.2.jar;F:\软件\mavenRepository\org\mybatis\spring\boot\mybatis-spring-boot-starter\1.3.2\mybatis-spring-boot-starter-1.3.2.jar;F:\软件\mavenRepository\org\mybatis\spring\boot\mybatis-spring-boot-autoconfigure\1.3.2\mybatis-spring-boot-autoconfigure-1.3.2.jar;F:\软件\mavenRepository\com\github\pagehelper\pagehelper-spring-boot-starter\1.2.3\pagehelper-spring-boot-starter-1.2.3.jar;F:\软件\mavenRepository\com\github\pagehelper\pagehelper-spring-boot-autoconfigure\1.2.3\pagehelper-spring-boot-autoconfigure-1.2.3.jar;F:\软件\mavenRepository\com\github\pagehelper\pagehelper\5.1.2\pagehelper-5.1.2.jar;F:\软件\mavenRepository\com\github\jsqlparser\jsqlparser\1.0\jsqlparser-1.0.jar;F:\软件\mavenRepository\mysql\mysql-connector-java\5.1.46\mysql-connector-java-5.1.46.jar;F:\软件\mavenRepository\com\alibaba\druid\1.1.9\druid-1.1.9.jar;"/>
    <property name="java.vm.vendor" value="Oracle Corporation"/>
    <property name="sun.arch.data.model" value="64"/>
    <property name="user.variant" value=""/>
    <property name="java.vendor.url" value="http://java.oracle.com/"/>
    <property name="user.timezone" value=""/>
    <property name="java.vm.specification.version" value="1.8"/>
    <property name="os.name" value="Windows Server 2008 R2"/>
    <property name="user.country" value="CN"/>
    <property name="sun.java.launcher" value="SUN_STANDARD"/>
    <property name="sun.boot.library.path" value="D:\jdk1.8.0_77\jdk1.8.0_77\jre\bin"/>
    <property name="sun.java.command" value="C:\Users\ADMINI~1\AppData\Local\Temp\surefire9162959904564947400\surefirebooter2226067550942303409.jar C:\Users\Administrator\AppData\Local\Temp\surefire9162959904564947400 2018-08-27T15-18-14_801-jvmRun1 surefire5393165944029300387tmp surefire_12750262600389880405tmp"/>
    <property name="surefire.test.class.path" value="E:\intellij_workspace1\tt-project\provider1\target\test-classes;E:\intellij_workspace1\tt-project\provider1\target\classes;E:\intellij_workspace1\tt-project\demo-dao\target\demo-dao-0.0.1-SNAPSHOT.jar;F:\软件\mavenRepository\org\springframework\boot\spring-boot-starter\2.0.4.RELEASE\spring-boot-starter-2.0.4.RELEASE.jar;F:\软件\mavenRepository\org\springframework\boot\spring-boot\2.0.4.RELEASE\spring-boot-2.0.4.RELEASE.jar;F:\软件\mavenRepository\org\springframework\boot\spring-boot-autoconfigure\2.0.4.RELEASE\spring-boot-autoconfigure-2.0.4.RELEASE.jar;F:\软件\mavenRepository\org\springframework\boot\spring-boot-starter-logging\2.0.4.RELEASE\spring-boot-starter-logging-2.0.4.RELEASE.jar;F:\软件\mavenRepository\ch\qos\logback\logback-classic\1.2.3\logback-classic-1.2.3.jar;F:\软件\mavenRepository\ch\qos\logback\logback-core\1.2.3\logback-core-1.2.3.jar;F:\软件\mavenRepository\org\apache\logging\log4j\log4j-to-slf4j\2.10.0\log4j-to-slf4j-2.10.0.jar;F:\软件\mavenRepository\org\apache\logging\log4j\log4j-api\2.10.0\log4j-api-2.10.0.jar;F:\软件\mavenRepository\org\slf4j\jul-to-slf4j\1.7.25\jul-to-slf4j-1.7.25.jar;F:\软件\mavenRepository\javax\annotation\javax.annotation-api\1.3.2\javax.annotation-api-1.3.2.jar;F:\软件\mavenRepository\org\yaml\snakeyaml\1.19\snakeyaml-1.19.jar;F:\软件\mavenRepository\com\tt\utils\0.0.1-SNAPSHOT\utils-0.0.1-SNAPSHOT.jar;F:\软件\mavenRepository\org\springframework\boot\spring-boot-starter-aop\2.0.4.RELEASE\spring-boot-starter-aop-2.0.4.RELEASE.jar;F:\软件\mavenRepository\org\springframework\spring-aop\5.0.8.RELEASE\spring-aop-5.0.8.RELEASE.jar;F:\软件\mavenRepository\org\aspectj\aspectjweaver\1.8.13\aspectjweaver-1.8.13.jar;F:\软件\mavenRepository\org\springframework\cloud\spring-cloud-starter-netflix-eureka-client\2.0.1.RELEASE\spring-cloud-starter-netflix-eureka-client-2.0.1.RELEASE.jar;F:\软件\mavenRepository\org\springframework\cloud\spring-cloud-starter\2.0.1.RELEASE\spring-cloud-starter-2.0.1.RELEASE.jar;F:\软件\mavenRepository\org\springframework\cloud\spring-cloud-context\2.0.1.RELEASE\spring-cloud-context-2.0.1.RELEASE.jar;F:\软件\mavenRepository\org\springframework\security\spring-security-crypto\5.0.7.RELEASE\spring-security-crypto-5.0.7.RELEASE.jar;F:\软件\mavenRepository\org\springframework\cloud\spring-cloud-commons\2.0.1.RELEASE\spring-cloud-commons-2.0.1.RELEASE.jar;F:\软件\mavenRepository\org\springframework\security\spring-security-rsa\1.0.5.RELEASE\spring-security-rsa-1.0.5.RELEASE.jar;F:\软件\mavenRepository\org\bouncycastle\bcpkix-jdk15on\1.56\bcpkix-jdk15on-1.56.jar;F:\软件\mavenRepository\org\bouncycastle\bcprov-jdk15on\1.56\bcprov-jdk15on-1.56.jar;F:\软件\mavenRepository\org\springframework\cloud\spring-cloud-netflix-core\2.0.1.RELEASE\spring-cloud-netflix-core-2.0.1.RELEASE.jar;F:\软件\mavenRepository\org\springframework\cloud\spring-cloud-netflix-eureka-client\2.0.1.RELEASE\spring-cloud-netflix-eureka-client-2.0.1.RELEASE.jar;F:\软件\mavenRepository\com\netflix\eureka\eureka-client\1.9.3\eureka-client-1.9.3.jar;F:\软件\mavenRepository\org\codehaus\jettison\jettison\1.3.7\jettison-1.3.7.jar;F:\软件\mavenRepository\stax\stax-api\1.0.1\stax-api-1.0.1.jar;F:\软件\mavenRepository\com\netflix\netflix-commons\netflix-eventbus\0.3.0\netflix-eventbus-0.3.0.jar;F:\软件\mavenRepository\com\netflix\netflix-commons\netflix-infix\0.3.0\netflix-infix-0.3.0.jar;F:\软件\mavenRepository\commons-jxpath\commons-jxpath\1.3\commons-jxpath-1.3.jar;F:\软件\mavenRepository\joda-time\joda-time\2.9.9\joda-time-2.9.9.jar;F:\软件\mavenRepository\org\antlr\antlr-runtime\3.4\antlr-runtime-3.4.jar;F:\软件\mavenRepository\org\antlr\stringtemplate\3.2.1\stringtemplate-3.2.1.jar;F:\软件\mavenRepository\antlr\antlr\2.7.7\antlr-2.7.7.jar;F:\软件\mavenRepository\com\google\code\gson\gson\2.8.5\gson-2.8.5.jar;F:\软件\mavenRepository\org\apache\commons\commons-math\2.2\commons-math-2.2.jar;F:\软件\mavenRepository\com\netflix\archaius\archaius-core\0.7.6\archaius-core-0.7.6.jar;F:\软件\mavenRepository\com\google\guava\guava\16.0\guava-16.0.jar;F:\软件\mavenRepository\javax\ws\rs\jsr311-api\1.1.1\jsr311-api-1.1.1.jar;F:\软件\mavenRepository\com\netflix\servo\servo-core\0.12.21\servo-core-0.12.21.jar;F:\软件\mavenRepository\com\sun\jersey\jersey-core\1.19.1\jersey-core-1.19.1.jar;F:\软件\mavenRepository\com\sun\jersey\jersey-client\1.19.1\jersey-client-1.19.1.jar;F:\软件\mavenRepository\com\sun\jersey\contribs\jersey-apache-client4\1.19.1\jersey-apache-client4-1.19.1.jar;F:\软件\mavenRepository\org\apache\httpcomponents\httpclient\4.5.6\httpclient-4.5.6.jar;F:\软件\mavenRepository\org\apache\httpcomponents\httpcore\4.4.10\httpcore-4.4.10.jar;F:\软件\mavenRepository\commons-codec\commons-codec\1.11\commons-codec-1.11.jar;F:\软件\mavenRepository\com\google\inject\guice\4.1.0\guice-4.1.0.jar;F:\软件\mavenRepository\javax\inject\javax.inject\1\javax.inject-1.jar;F:\软件\mavenRepository\aopalliance\aopalliance\1.0\aopalliance-1.0.jar;F:\软件\mavenRepository\com\github\vlsi\compactmap\compactmap\1.2.1\compactmap-1.2.1.jar;F:\软件\mavenRepository\com\github\andrewoma\dexx\dexx-collections\0.2\dexx-collections-0.2.jar;F:\软件\mavenRepository\com\fasterxml\jackson\core\jackson-annotations\2.9.0\jackson-annotations-2.9.0.jar;F:\软件\mavenRepository\com\fasterxml\jackson\core\jackson-core\2.9.6\jackson-core-2.9.6.jar;F:\软件\mavenRepository\com\fasterxml\jackson\core\jackson-databind\2.9.6\jackson-databind-2.9.6.jar;F:\软件\mavenRepository\com\netflix\eureka\eureka-core\1.9.3\eureka-core-1.9.3.jar;F:\软件\mavenRepository\org\codehaus\woodstox\woodstox-core-asl\4.4.1\woodstox-core-asl-4.4.1.jar;F:\软件\mavenRepository\javax\xml\stream\stax-api\1.0-2\stax-api-1.0-2.jar;F:\软件\mavenRepository\org\codehaus\woodstox\stax2-api\3.1.4\stax2-api-3.1.4.jar;F:\软件\mavenRepository\org\springframework\cloud\spring-cloud-starter-netflix-archaius\2.0.1.RELEASE\spring-cloud-starter-netflix-archaius-2.0.1.RELEASE.jar;F:\软件\mavenRepository\org\springframework\cloud\spring-cloud-netflix-ribbon\2.0.1.RELEASE\spring-cloud-netflix-ribbon-2.0.1.RELEASE.jar;F:\软件\mavenRepository\org\springframework\cloud\spring-cloud-netflix-archaius\2.0.1.RELEASE\spring-cloud-netflix-archaius-2.0.1.RELEASE.jar;F:\软件\mavenRepository\commons-configuration\commons-configuration\1.8\commons-configuration-1.8.jar;F:\软件\mavenRepository\commons-lang\commons-lang\2.6\commons-lang-2.6.jar;F:\软件\mavenRepository\org\springframework\cloud\spring-cloud-starter-netflix-ribbon\2.0.1.RELEASE\spring-cloud-starter-netflix-ribbon-2.0.1.RELEASE.jar;F:\软件\mavenRepository\com\netflix\ribbon\ribbon\2.2.5\ribbon-2.2.5.jar;F:\软件\mavenRepository\com\netflix\ribbon\ribbon-transport\2.2.5\ribbon-transport-2.2.5.jar;F:\软件\mavenRepository\io\reactivex\rxnetty-contexts\0.4.9\rxnetty-contexts-0.4.9.jar;F:\软件\mavenRepository\io\reactivex\rxnetty-servo\0.4.9\rxnetty-servo-0.4.9.jar;F:\软件\mavenRepository\com\netflix\hystrix\hystrix-core\1.5.12\hystrix-core-1.5.12.jar;F:\软件\mavenRepository\org\hdrhistogram\HdrHistogram\2.1.9\HdrHistogram-2.1.9.jar;F:\软件\mavenRepository\io\reactivex\rxnetty\0.4.9\rxnetty-0.4.9.jar;F:\软件\mavenRepository\io\netty\netty-codec-http\4.1.27.Final\netty-codec-http-4.1.27.Final.jar;F:\软件\mavenRepository\io\netty\netty-codec\4.1.27.Final\netty-codec-4.1.27.Final.jar;F:\软件\mavenRepository\io\netty\netty-transport-native-epoll\4.1.27.Final\netty-transport-native-epoll-4.1.27.Final.jar;F:\软件\mavenRepository\io\netty\netty-common\4.1.27.Final\netty-common-4.1.27.Final.jar;F:\软件\mavenRepository\io\netty\netty-buffer\4.1.27.Final\netty-buffer-4.1.27.Final.jar;F:\软件\mavenRepository\io\netty\netty-transport-native-unix-common\4.1.27.Final\netty-transport-native-unix-common-4.1.27.Final.jar;F:\软件\mavenRepository\io\netty\netty-transport\4.1.27.Final\netty-transport-4.1.27.Final.jar;F:\软件\mavenRepository\io\netty\netty-resolver\4.1.27.Final\netty-resolver-4.1.27.Final.jar;F:\软件\mavenRepository\com\netflix\ribbon\ribbon-core\2.2.5\ribbon-core-2.2.5.jar;F:\软件\mavenRepository\com\netflix\ribbon\ribbon-httpclient\2.2.5\ribbon-httpclient-2.2.5.jar;F:\软件\mavenRepository\commons-collections\commons-collections\3.2.2\commons-collections-3.2.2.jar;F:\软件\mavenRepository\com\netflix\netflix-commons\netflix-commons-util\0.3.0\netflix-commons-util-0.3.0.jar;F:\软件\mavenRepository\com\netflix\ribbon\ribbon-loadbalancer\2.2.5\ribbon-loadbalancer-2.2.5.jar;F:\软件\mavenRepository\com\netflix\netflix-commons\netflix-statistics\0.1.1\netflix-statistics-0.1.1.jar;F:\软件\mavenRepository\io\reactivex\rxjava\1.3.8\rxjava-1.3.8.jar;F:\软件\mavenRepository\com\netflix\ribbon\ribbon-eureka\2.2.5\ribbon-eureka-2.2.5.jar;F:\软件\mavenRepository\org\slf4j\slf4j-api\1.7.25\slf4j-api-1.7.25.jar;F:\软件\mavenRepository\com\thoughtworks\xstream\xstream\1.4.10\xstream-1.4.10.jar;F:\软件\mavenRepository\xmlpull\xmlpull\1.1.3.1\xmlpull-1.1.3.1.jar;F:\软件\mavenRepository\xpp3\xpp3_min\1.1.4c\xpp3_min-1.1.4c.jar;F:\软件\mavenRepository\org\springframework\boot\spring-boot-starter-test\2.0.4.RELEASE\spring-boot-starter-test-2.0.4.RELEASE.jar;F:\软件\mavenRepository\org\springframework\boot\spring-boot-test\2.0.4.RELEASE\spring-boot-test-2.0.4.RELEASE.jar;F:\软件\mavenRepository\org\springframework\boot\spring-boot-test-autoconfigure\2.0.4.RELEASE\spring-boot-test-autoconfigure-2.0.4.RELEASE.jar;F:\软件\mavenRepository\com\jayway\jsonpath\json-path\2.4.0\json-path-2.4.0.jar;F:\软件\mavenRepository\net\minidev\json-smart\2.3\json-smart-2.3.jar;F:\软件\mavenRepository\net\minidev\accessors-smart\1.2\accessors-smart-1.2.jar;F:\软件\mavenRepository\org\ow2\asm\asm\5.0.4\asm-5.0.4.jar;F:\软件\mavenRepository\junit\junit\4.12\junit-4.12.jar;F:\软件\mavenRepository\org\assertj\assertj-core\3.9.1\assertj-core-3.9.1.jar;F:\软件\mavenRepository\org\mockito\mockito-core\2.15.0\mockito-core-2.15.0.jar;F:\软件\mavenRepository\net\bytebuddy\byte-buddy\1.7.11\byte-buddy-1.7.11.jar;F:\软件\mavenRepository\net\bytebuddy\byte-buddy-agent\1.7.11\byte-buddy-agent-1.7.11.jar;F:\软件\mavenRepository\org\objenesis\objenesis\2.6\objenesis-2.6.jar;F:\软件\mavenRepository\org\hamcrest\hamcrest-core\1.3\hamcrest-core-1.3.jar;F:\软件\mavenRepository\org\hamcrest\hamcrest-library\1.3\hamcrest-library-1.3.jar;F:\软件\mavenRepository\org\skyscreamer\jsonassert\1.5.0\jsonassert-1.5.0.jar;F:\软件\mavenRepository\com\vaadin\external\google\android-json\0.0.20131108.vaadin1\android-json-0.0.20131108.vaadin1.jar;F:\软件\mavenRepository\org\springframework\spring-core\5.0.8.RELEASE\spring-core-5.0.8.RELEASE.jar;F:\软件\mavenRepository\org\springframework\spring-jcl\5.0.8.RELEASE\spring-jcl-5.0.8.RELEASE.jar;F:\软件\mavenRepository\org\springframework\spring-test\5.0.8.RELEASE\spring-test-5.0.8.RELEASE.jar;F:\软件\mavenRepository\org\xmlunit\xmlunit-core\2.5.1\xmlunit-core-2.5.1.jar;F:\软件\mavenRepository\org\springframework\boot\spring-boot-starter-web\2.0.4.RELEASE\spring-boot-starter-web-2.0.4.RELEASE.jar;F:\软件\mavenRepository\org\springframework\boot\spring-boot-starter-json\2.0.4.RELEASE\spring-boot-starter-json-2.0.4.RELEASE.jar;F:\软件\mavenRepository\com\fasterxml\jackson\datatype\jackson-datatype-jdk8\2.9.6\jackson-datatype-jdk8-2.9.6.jar;F:\软件\mavenRepository\com\fasterxml\jackson\datatype\jackson-datatype-jsr310\2.9.6\jackson-datatype-jsr310-2.9.6.jar;F:\软件\mavenRepository\com\fasterxml\jackson\module\jackson-module-parameter-names\2.9.6\jackson-module-parameter-names-2.9.6.jar;F:\软件\mavenRepository\org\springframework\boot\spring-boot-starter-tomcat\2.0.4.RELEASE\spring-boot-starter-tomcat-2.0.4.RELEASE.jar;F:\软件\mavenRepository\org\apache\tomcat\embed\tomcat-embed-core\8.5.32\tomcat-embed-core-8.5.32.jar;F:\软件\mavenRepository\org\apache\tomcat\embed\tomcat-embed-el\8.5.32\tomcat-embed-el-8.5.32.jar;F:\软件\mavenRepository\org\apache\tomcat\embed\tomcat-embed-websocket\8.5.32\tomcat-embed-websocket-8.5.32.jar;F:\软件\mavenRepository\org\hibernate\validator\hibernate-validator\6.0.11.Final\hibernate-validator-6.0.11.Final.jar;F:\软件\mavenRepository\javax\validation\validation-api\2.0.1.Final\validation-api-2.0.1.Final.jar;F:\软件\mavenRepository\org\jboss\logging\jboss-logging\3.3.2.Final\jboss-logging-3.3.2.Final.jar;F:\软件\mavenRepository\com\fasterxml\classmate\1.3.4\classmate-1.3.4.jar;F:\软件\mavenRepository\org\springframework\spring-web\5.0.8.RELEASE\spring-web-5.0.8.RELEASE.jar;F:\软件\mavenRepository\org\springframework\spring-beans\5.0.8.RELEASE\spring-beans-5.0.8.RELEASE.jar;F:\软件\mavenRepository\org\springframework\spring-webmvc\5.0.8.RELEASE\spring-webmvc-5.0.8.RELEASE.jar;F:\软件\mavenRepository\org\springframework\spring-context\5.0.8.RELEASE\spring-context-5.0.8.RELEASE.jar;F:\软件\mavenRepository\org\springframework\spring-expression\5.0.8.RELEASE\spring-expression-5.0.8.RELEASE.jar;F:\软件\mavenRepository\tk\mybatis\mapper-spring-boot-starter\1.2.4\mapper-spring-boot-starter-1.2.4.jar;F:\软件\mavenRepository\org\springframework\boot\spring-boot-starter-jdbc\2.0.4.RELEASE\spring-boot-starter-jdbc-2.0.4.RELEASE.jar;F:\软件\mavenRepository\com\zaxxer\HikariCP\2.7.9\HikariCP-2.7.9.jar;F:\软件\mavenRepository\org\springframework\spring-jdbc\5.0.8.RELEASE\spring-jdbc-5.0.8.RELEASE.jar;F:\软件\mavenRepository\org\springframework\spring-tx\5.0.8.RELEASE\spring-tx-5.0.8.RELEASE.jar;F:\软件\mavenRepository\org\mybatis\mybatis\3.4.5\mybatis-3.4.5.jar;F:\软件\mavenRepository\org\mybatis\mybatis-spring\1.3.1\mybatis-spring-1.3.1.jar;F:\软件\mavenRepository\tk\mybatis\mapper-spring-boot-autoconfigure\1.2.4\mapper-spring-boot-autoconfigure-1.2.4.jar;F:\软件\mavenRepository\tk\mybatis\mapper\3.5.3\mapper-3.5.3.jar;F:\软件\mavenRepository\javax\persistence\persistence-api\1.0\persistence-api-1.0.jar;F:\软件\mavenRepository\org\mybatis\generator\mybatis-generator-core\1.3.2\mybatis-generator-core-1.3.2.jar;F:\软件\mavenRepository\org\mybatis\spring\boot\mybatis-spring-boot-starter\1.3.2\mybatis-spring-boot-starter-1.3.2.jar;F:\软件\mavenRepository\org\mybatis\spring\boot\mybatis-spring-boot-autoconfigure\1.3.2\mybatis-spring-boot-autoconfigure-1.3.2.jar;F:\软件\mavenRepository\com\github\pagehelper\pagehelper-spring-boot-starter\1.2.3\pagehelper-spring-boot-starter-1.2.3.jar;F:\软件\mavenRepository\com\github\pagehelper\pagehelper-spring-boot-autoconfigure\1.2.3\pagehelper-spring-boot-autoconfigure-1.2.3.jar;F:\软件\mavenRepository\com\github\pagehelper\pagehelper\5.1.2\pagehelper-5.1.2.jar;F:\软件\mavenRepository\com\github\jsqlparser\jsqlparser\1.0\jsqlparser-1.0.jar;F:\软件\mavenRepository\mysql\mysql-connector-java\5.1.46\mysql-connector-java-5.1.46.jar;F:\软件\mavenRepository\com\alibaba\druid\1.1.9\druid-1.1.9.jar;"/>
    <property name="sun.cpu.endian" value="little"/>
    <property name="user.home" value="C:\Users\Administrator"/>
    <property name="user.language" value="zh"/>
    <property name="java.specification.vendor" value="Oracle Corporation"/>
    <property name="java.home" value="D:\jdk1.8.0_77\jdk1.8.0_77\jre"/>
    <property name="basedir" value="E:\intellij_workspace1\tt-project\provider1"/>
    <property name="file.separator" value="\"/>
    <property name="line.separator" value="&#10;"/>
    <property name="java.vm.specification.vendor" value="Oracle Corporation"/>
    <property name="java.specification.name" value="Java Platform API Specification"/>
    <property name="java.awt.graphicsenv" value="sun.awt.Win32GraphicsEnvironment"/>
    <property name="surefire.real.class.path" value="C:\Users\ADMINI~1\AppData\Local\Temp\surefire9162959904564947400\surefirebooter2226067550942303409.jar"/>
    <property name="sun.boot.class.path" value="D:\jdk1.8.0_77\jdk1.8.0_77\jre\lib\resources.jar;D:\jdk1.8.0_77\jdk1.8.0_77\jre\lib\rt.jar;D:\jdk1.8.0_77\jdk1.8.0_77\jre\lib\sunrsasign.jar;D:\jdk1.8.0_77\jdk1.8.0_77\jre\lib\jsse.jar;D:\jdk1.8.0_77\jdk1.8.0_77\jre\lib\jce.jar;D:\jdk1.8.0_77\jdk1.8.0_77\jre\lib\charsets.jar;D:\jdk1.8.0_77\jdk1.8.0_77\jre\lib\jfr.jar;D:\jdk1.8.0_77\jdk1.8.0_77\jre\classes"/>
    <property name="user.script" value=""/>
    <property name="sun.management.compiler" value="HotSpot 64-Bit Tiered Compilers"/>
    <property name="java.runtime.version" value="1.8.0_77-b03"/>
    <property name="user.name" value="Administrator"/>
    <property name="path.separator" value=";"/>
    <property name="os.version" value="6.1"/>
    <property name="java.endorsed.dirs" value="D:\jdk1.8.0_77\jdk1.8.0_77\jre\lib\endorsed"/>
    <property name="java.runtime.name" value="Java(TM) SE Runtime Environment"/>
    <property name="file.encoding" value="GBK"/>
    <property name="java.vm.name" value="Java HotSpot(TM) 64-Bit Server VM"/>
    <property name="localRepository" value="F:\软件\mavenRepository"/>
    <property name="java.vendor.url.bug" value="http://bugreport.sun.com/bugreport/"/>
    <property name="java.io.tmpdir" value="C:\Users\ADMINI~1\AppData\Local\Temp\"/>
    <property name="idea.version" value="2017.2.5"/>
    <property name="java.version" value="1.8.0_77"/>
    <property name="user.dir" value="E:\intellij_workspace1\tt-project\provider1"/>
    <property name="os.arch" value="amd64"/>
    <property name="java.vm.specification.name" value="Java Virtual Machine Specification"/>
    <property name="java.awt.printerjob" value="sun.awt.windows.WPrinterJob"/>
    <property name="sun.os.patch.level" value=""/>
    <property name="java.library.path" value="D:\jdk1.8.0_77\jdk1.8.0_77\jre\bin;C:\Windows\Sun\Java\bin;C:\Windows\system32;C:\Windows;D:\program_files2\java\jdk\bin;D:\program_files2\java\jdk\jre\bin;C:\Windows\system32;C:\Windows;C:\Windows\System32\Wbem;C:\Windows\System32\WindowsPowerShell\v1.0\;C:\Program Files (x86)\Microsoft SQL Server\90\Tools\binn\;D:\program_files2\apache-maven-3.5.0\bin;;D:\program_files1\tortoiesSVN\bin;D:\program_files2\apache-maven-3.5.0\bin;D:\program_files2\git\Git\bin;C:\Program Files\Microsoft\Web Platform Installer\;C:\Program Files (x86)\Microsoft ASP.NET\ASP.NET Web Pages\v1.0\;C:\Program Files\Microsoft SQL Server\110\Tools\Binn\;D:\program_files2\TortoiseGit\bin;D:\program_files2\nodejs\;C:\Users\Administrator\AppData\Roaming\npm;."/>
    <property name="java.vm.info" value="mixed mode"/>
    <property name="java.vendor" value="Oracle Corporation"/>
    <property name="java.vm.version" value="25.77-b03"/>
    <property name="java.ext.dirs" value="D:\jdk1.8.0_77\jdk1.8.0_77\jre\lib\ext;C:\Windows\Sun\Java\lib\ext"/>
    <property name="sun.io.unicode.encoding" value="UnicodeLittle"/>
    <property name="java.class.version" value="52.0"/>
  </properties>
  <testcase name="contextLoads" classname="com.tt.provider.Provider1ApplicationTests" time="0.075"/>
</testsuite>