<?xml version="1.0" encoding="UTF-8"?>
<testsuite xmlns:xsi="http://www.w3.org/2001/XMLSchema-instance" xsi:noNamespaceSchemaLocation="https://maven.apache.org/surefire/maven-surefire-plugin/xsd/surefire-test-report.xsd" name="com.tt.demodao.DemoDaoApplicationTests" time="0.343" tests="1" errors="1" skipped="0" failures="0">
  <properties>
    <property name="sun.desktop" value="windows"/>
    <property name="awt.toolkit" value="sun.awt.windows.WToolkit"/>
    <property name="file.encoding.pkg" value="sun.io"/>
    <property name="java.specification.version" value="1.8"/>
    <property name="sun.cpu.isalist" value="amd64"/>
    <property name="sun.jnu.encoding" value="GBK"/>
    <property name="java.class.path" value="E:\intellij_workspace1\tt-project\demo-dao\target\test-classes;E:\intellij_workspace1\tt-project\demo-dao\target\classes;F:\软件\mavenRepository\org\springframework\boot\spring-boot-starter\2.0.4.RELEASE\spring-boot-starter-2.0.4.RELEASE.jar;F:\软件\mavenRepository\org\springframework\boot\spring-boot\2.0.4.RELEASE\spring-boot-2.0.4.RELEASE.jar;F:\软件\mavenRepository\org\springframework\spring-context\5.0.8.RELEASE\spring-context-5.0.8.RELEASE.jar;F:\软件\mavenRepository\org\springframework\spring-aop\5.0.8.RELEASE\spring-aop-5.0.8.RELEASE.jar;F:\软件\mavenRepository\org\springframework\spring-beans\5.0.8.RELEASE\spring-beans-5.0.8.RELEASE.jar;F:\软件\mavenRepository\org\springframework\spring-expression\5.0.8.RELEASE\spring-expression-5.0.8.RELEASE.jar;F:\软件\mavenRepository\org\springframework\boot\spring-boot-autoconfigure\2.0.4.RELEASE\spring-boot-autoconfigure-2.0.4.RELEASE.jar;F:\软件\mavenRepository\org\springframework\boot\spring-boot-starter-logging\2.0.4.RELEASE\spring-boot-starter-logging-2.0.4.RELEASE.jar;F:\软件\mavenRepository\ch\qos\logback\logback-classic\1.2.3\logback-classic-1.2.3.jar;F:\软件\mavenRepository\ch\qos\logback\logback-core\1.2.3\logback-core-1.2.3.jar;F:\软件\mavenRepository\org\apache\logging\log4j\log4j-to-slf4j\2.10.0\log4j-to-slf4j-2.10.0.jar;F:\软件\mavenRepository\org\apache\logging\log4j\log4j-api\2.10.0\log4j-api-2.10.0.jar;F:\软件\mavenRepository\org\slf4j\jul-to-slf4j\1.7.25\jul-to-slf4j-1.7.25.jar;F:\软件\mavenRepository\javax\annotation\javax.annotation-api\1.3.2\javax.annotation-api-1.3.2.jar;F:\软件\mavenRepository\org\springframework\spring-core\5.0.8.RELEASE\spring-core-5.0.8.RELEASE.jar;F:\软件\mavenRepository\org\springframework\spring-jcl\5.0.8.RELEASE\spring-jcl-5.0.8.RELEASE.jar;F:\软件\mavenRepository\org\yaml\snakeyaml\1.19\snakeyaml-1.19.jar;F:\软件\mavenRepository\org\springframework\boot\spring-boot-starter-test\2.0.4.RELEASE\spring-boot-starter-test-2.0.4.RELEASE.jar;F:\软件\mavenRepository\org\springframework\boot\spring-boot-test\2.0.4.RELEASE\spring-boot-test-2.0.4.RELEASE.jar;F:\软件\mavenRepository\org\springframework\boot\spring-boot-test-autoconfigure\2.0.4.RELEASE\spring-boot-test-autoconfigure-2.0.4.RELEASE.jar;F:\软件\mavenRepository\com\jayway\jsonpath\json-path\2.4.0\json-path-2.4.0.jar;F:\软件\mavenRepository\net\minidev\json-smart\2.3\json-smart-2.3.jar;F:\软件\mavenRepository\net\minidev\accessors-smart\1.2\accessors-smart-1.2.jar;F:\软件\mavenRepository\org\ow2\asm\asm\5.0.4\asm-5.0.4.jar;F:\软件\mavenRepository\org\slf4j\slf4j-api\1.7.25\slf4j-api-1.7.25.jar;F:\软件\mavenRepository\junit\junit\4.12\junit-4.12.jar;F:\软件\mavenRepository\org\assertj\assertj-core\3.9.1\assertj-core-3.9.1.jar;F:\软件\mavenRepository\org\mockito\mockito-core\2.15.0\mockito-core-2.15.0.jar;F:\软件\mavenRepository\net\bytebuddy\byte-buddy\1.7.11\byte-buddy-1.7.11.jar;F:\软件\mavenRepository\net\bytebuddy\byte-buddy-agent\1.7.11\byte-buddy-agent-1.7.11.jar;F:\软件\mavenRepository\org\objenesis\objenesis\2.6\objenesis-2.6.jar;F:\软件\mavenRepository\org\hamcrest\hamcrest-core\1.3\hamcrest-core-1.3.jar;F:\软件\mavenRepository\org\hamcrest\hamcrest-library\1.3\hamcrest-library-1.3.jar;F:\软件\mavenRepository\org\skyscreamer\jsonassert\1.5.0\jsonassert-1.5.0.jar;F:\软件\mavenRepository\com\vaadin\external\google\android-json\0.0.20131108.vaadin1\android-json-0.0.20131108.vaadin1.jar;F:\软件\mavenRepository\org\springframework\spring-test\5.0.8.RELEASE\spring-test-5.0.8.RELEASE.jar;F:\软件\mavenRepository\org\xmlunit\xmlunit-core\2.5.1\xmlunit-core-2.5.1.jar;F:\软件\mavenRepository\mysql\mysql-connector-java\5.1.46\mysql-connector-java-5.1.46.jar;F:\软件\mavenRepository\org\mybatis\spring\boot\mybatis-spring-boot-starter\1.3.2\mybatis-spring-boot-starter-1.3.2.jar;F:\软件\mavenRepository\org\springframework\boot\spring-boot-starter-jdbc\2.0.4.RELEASE\spring-boot-starter-jdbc-2.0.4.RELEASE.jar;F:\软件\mavenRepository\com\zaxxer\HikariCP\2.7.9\HikariCP-2.7.9.jar;F:\软件\mavenRepository\org\springframework\spring-jdbc\5.0.8.RELEASE\spring-jdbc-5.0.8.RELEASE.jar;F:\软件\mavenRepository\org\springframework\spring-tx\5.0.8.RELEASE\spring-tx-5.0.8.RELEASE.jar;F:\软件\mavenRepository\org\mybatis\spring\boot\mybatis-spring-boot-autoconfigure\1.3.2\mybatis-spring-boot-autoconfigure-1.3.2.jar;F:\软件\mavenRepository\org\mybatis\mybatis\3.4.6\mybatis-3.4.6.jar;F:\软件\mavenRepository\org\mybatis\mybatis-spring\1.3.2\mybatis-spring-1.3.2.jar;F:\软件\mavenRepository\tk\mybatis\mapper-spring-boot-starter\1.2.4\mapper-spring-boot-starter-1.2.4.jar;F:\软件\mavenRepository\tk\mybatis\mapper-spring-boot-autoconfigure\1.2.4\mapper-spring-boot-autoconfigure-1.2.4.jar;F:\软件\mavenRepository\tk\mybatis\mapper\3.5.3\mapper-3.5.3.jar;F:\软件\mavenRepository\javax\persistence\persistence-api\1.0\persistence-api-1.0.jar;F:\软件\mavenRepository\org\mybatis\generator\mybatis-generator-core\1.3.2\mybatis-generator-core-1.3.2.jar;"/>
    <property name="java.vm.vendor" value="Oracle Corporation"/>
    <property name="sun.arch.data.model" value="64"/>
    <property name="user.variant" value=""/>
    <property name="java.vendor.url" value="http://java.oracle.com/"/>
    <property name="user.timezone" value=""/>
    <property name="java.vm.specification.version" value="1.8"/>
    <property name="os.name" value="Windows Server 2008 R2"/>
    <property name="user.country" value="CN"/>
    <property name="sun.java.launcher" value="SUN_STANDARD"/>
    <property name="sun.boot.library.path" value="D:\jdk1.8.0_77\jdk1.8.0_77\jre\bin"/>
    <property name="sun.java.command" value="C:\Users\ADMINI~1\AppData\Local\Temp\surefire5561636019921507902\surefirebooter3571398224966362172.jar C:\Users\Administrator\AppData\Local\Temp\surefire5561636019921507902 2018-08-24T09-00-48_279-jvmRun1 surefire1242825945460555927tmp surefire_0988297739989470477tmp"/>
    <property name="surefire.test.class.path" value="E:\intellij_workspace1\tt-project\demo-dao\target\test-classes;E:\intellij_workspace1\tt-project\demo-dao\target\classes;F:\软件\mavenRepository\org\springframework\boot\spring-boot-starter\2.0.4.RELEASE\spring-boot-starter-2.0.4.RELEASE.jar;F:\软件\mavenRepository\org\springframework\boot\spring-boot\2.0.4.RELEASE\spring-boot-2.0.4.RELEASE.jar;F:\软件\mavenRepository\org\springframework\spring-context\5.0.8.RELEASE\spring-context-5.0.8.RELEASE.jar;F:\软件\mavenRepository\org\springframework\spring-aop\5.0.8.RELEASE\spring-aop-5.0.8.RELEASE.jar;F:\软件\mavenRepository\org\springframework\spring-beans\5.0.8.RELEASE\spring-beans-5.0.8.RELEASE.jar;F:\软件\mavenRepository\org\springframework\spring-expression\5.0.8.RELEASE\spring-expression-5.0.8.RELEASE.jar;F:\软件\mavenRepository\org\springframework\boot\spring-boot-autoconfigure\2.0.4.RELEASE\spring-boot-autoconfigure-2.0.4.RELEASE.jar;F:\软件\mavenRepository\org\springframework\boot\spring-boot-starter-logging\2.0.4.RELEASE\spring-boot-starter-logging-2.0.4.RELEASE.jar;F:\软件\mavenRepository\ch\qos\logback\logback-classic\1.2.3\logback-classic-1.2.3.jar;F:\软件\mavenRepository\ch\qos\logback\logback-core\1.2.3\logback-core-1.2.3.jar;F:\软件\mavenRepository\org\apache\logging\log4j\log4j-to-slf4j\2.10.0\log4j-to-slf4j-2.10.0.jar;F:\软件\mavenRepository\org\apache\logging\log4j\log4j-api\2.10.0\log4j-api-2.10.0.jar;F:\软件\mavenRepository\org\slf4j\jul-to-slf4j\1.7.25\jul-to-slf4j-1.7.25.jar;F:\软件\mavenRepository\javax\annotation\javax.annotation-api\1.3.2\javax.annotation-api-1.3.2.jar;F:\软件\mavenRepository\org\springframework\spring-core\5.0.8.RELEASE\spring-core-5.0.8.RELEASE.jar;F:\软件\mavenRepository\org\springframework\spring-jcl\5.0.8.RELEASE\spring-jcl-5.0.8.RELEASE.jar;F:\软件\mavenRepository\org\yaml\snakeyaml\1.19\snakeyaml-1.19.jar;F:\软件\mavenRepository\org\springframework\boot\spring-boot-starter-test\2.0.4.RELEASE\spring-boot-starter-test-2.0.4.RELEASE.jar;F:\软件\mavenRepository\org\springframework\boot\spring-boot-test\2.0.4.RELEASE\spring-boot-test-2.0.4.RELEASE.jar;F:\软件\mavenRepository\org\springframework\boot\spring-boot-test-autoconfigure\2.0.4.RELEASE\spring-boot-test-autoconfigure-2.0.4.RELEASE.jar;F:\软件\mavenRepository\com\jayway\jsonpath\json-path\2.4.0\json-path-2.4.0.jar;F:\软件\mavenRepository\net\minidev\json-smart\2.3\json-smart-2.3.jar;F:\软件\mavenRepository\net\minidev\accessors-smart\1.2\accessors-smart-1.2.jar;F:\软件\mavenRepository\org\ow2\asm\asm\5.0.4\asm-5.0.4.jar;F:\软件\mavenRepository\org\slf4j\slf4j-api\1.7.25\slf4j-api-1.7.25.jar;F:\软件\mavenRepository\junit\junit\4.12\junit-4.12.jar;F:\软件\mavenRepository\org\assertj\assertj-core\3.9.1\assertj-core-3.9.1.jar;F:\软件\mavenRepository\org\mockito\mockito-core\2.15.0\mockito-core-2.15.0.jar;F:\软件\mavenRepository\net\bytebuddy\byte-buddy\1.7.11\byte-buddy-1.7.11.jar;F:\软件\mavenRepository\net\bytebuddy\byte-buddy-agent\1.7.11\byte-buddy-agent-1.7.11.jar;F:\软件\mavenRepository\org\objenesis\objenesis\2.6\objenesis-2.6.jar;F:\软件\mavenRepository\org\hamcrest\hamcrest-core\1.3\hamcrest-core-1.3.jar;F:\软件\mavenRepository\org\hamcrest\hamcrest-library\1.3\hamcrest-library-1.3.jar;F:\软件\mavenRepository\org\skyscreamer\jsonassert\1.5.0\jsonassert-1.5.0.jar;F:\软件\mavenRepository\com\vaadin\external\google\android-json\0.0.20131108.vaadin1\android-json-0.0.20131108.vaadin1.jar;F:\软件\mavenRepository\org\springframework\spring-test\5.0.8.RELEASE\spring-test-5.0.8.RELEASE.jar;F:\软件\mavenRepository\org\xmlunit\xmlunit-core\2.5.1\xmlunit-core-2.5.1.jar;F:\软件\mavenRepository\mysql\mysql-connector-java\5.1.46\mysql-connector-java-5.1.46.jar;F:\软件\mavenRepository\org\mybatis\spring\boot\mybatis-spring-boot-starter\1.3.2\mybatis-spring-boot-starter-1.3.2.jar;F:\软件\mavenRepository\org\springframework\boot\spring-boot-starter-jdbc\2.0.4.RELEASE\spring-boot-starter-jdbc-2.0.4.RELEASE.jar;F:\软件\mavenRepository\com\zaxxer\HikariCP\2.7.9\HikariCP-2.7.9.jar;F:\软件\mavenRepository\org\springframework\spring-jdbc\5.0.8.RELEASE\spring-jdbc-5.0.8.RELEASE.jar;F:\软件\mavenRepository\org\springframework\spring-tx\5.0.8.RELEASE\spring-tx-5.0.8.RELEASE.jar;F:\软件\mavenRepository\org\mybatis\spring\boot\mybatis-spring-boot-autoconfigure\1.3.2\mybatis-spring-boot-autoconfigure-1.3.2.jar;F:\软件\mavenRepository\org\mybatis\mybatis\3.4.6\mybatis-3.4.6.jar;F:\软件\mavenRepository\org\mybatis\mybatis-spring\1.3.2\mybatis-spring-1.3.2.jar;F:\软件\mavenRepository\tk\mybatis\mapper-spring-boot-starter\1.2.4\mapper-spring-boot-starter-1.2.4.jar;F:\软件\mavenRepository\tk\mybatis\mapper-spring-boot-autoconfigure\1.2.4\mapper-spring-boot-autoconfigure-1.2.4.jar;F:\软件\mavenRepository\tk\mybatis\mapper\3.5.3\mapper-3.5.3.jar;F:\软件\mavenRepository\javax\persistence\persistence-api\1.0\persistence-api-1.0.jar;F:\软件\mavenRepository\org\mybatis\generator\mybatis-generator-core\1.3.2\mybatis-generator-core-1.3.2.jar;"/>
    <property name="sun.cpu.endian" value="little"/>
    <property name="user.home" value="C:\Users\Administrator"/>
    <property name="user.language" value="zh"/>
    <property name="java.specification.vendor" value="Oracle Corporation"/>
    <property name="java.home" value="D:\jdk1.8.0_77\jdk1.8.0_77\jre"/>
    <property name="basedir" value="E:\intellij_workspace1\tt-project\demo-dao"/>
    <property name="file.separator" value="\"/>
    <property name="line.separator" value="&#10;"/>
    <property name="java.vm.specification.vendor" value="Oracle Corporation"/>
    <property name="java.specification.name" value="Java Platform API Specification"/>
    <property name="java.awt.graphicsenv" value="sun.awt.Win32GraphicsEnvironment"/>
    <property name="surefire.real.class.path" value="C:\Users\ADMINI~1\AppData\Local\Temp\surefire5561636019921507902\surefirebooter3571398224966362172.jar"/>
    <property name="sun.boot.class.path" value="D:\jdk1.8.0_77\jdk1.8.0_77\jre\lib\resources.jar;D:\jdk1.8.0_77\jdk1.8.0_77\jre\lib\rt.jar;D:\jdk1.8.0_77\jdk1.8.0_77\jre\lib\sunrsasign.jar;D:\jdk1.8.0_77\jdk1.8.0_77\jre\lib\jsse.jar;D:\jdk1.8.0_77\jdk1.8.0_77\jre\lib\jce.jar;D:\jdk1.8.0_77\jdk1.8.0_77\jre\lib\charsets.jar;D:\jdk1.8.0_77\jdk1.8.0_77\jre\lib\jfr.jar;D:\jdk1.8.0_77\jdk1.8.0_77\jre\classes"/>
    <property name="user.script" value=""/>
    <property name="sun.management.compiler" value="HotSpot 64-Bit Tiered Compilers"/>
    <property name="java.runtime.version" value="1.8.0_77-b03"/>
    <property name="user.name" value="Administrator"/>
    <property name="path.separator" value=";"/>
    <property name="os.version" value="6.1"/>
    <property name="java.endorsed.dirs" value="D:\jdk1.8.0_77\jdk1.8.0_77\jre\lib\endorsed"/>
    <property name="java.runtime.name" value="Java(TM) SE Runtime Environment"/>
    <property name="file.encoding" value="GBK"/>
    <property name="java.vm.name" value="Java HotSpot(TM) 64-Bit Server VM"/>
    <property name="localRepository" value="F:\软件\mavenRepository"/>
    <property name="java.vendor.url.bug" value="http://bugreport.sun.com/bugreport/"/>
    <property name="java.io.tmpdir" value="C:\Users\ADMINI~1\AppData\Local\Temp\"/>
    <property name="idea.version" value="2017.2.5"/>
    <property name="java.version" value="1.8.0_77"/>
    <property name="user.dir" value="E:\intellij_workspace1\tt-project\demo-dao"/>
    <property name="os.arch" value="amd64"/>
    <property name="java.vm.specification.name" value="Java Virtual Machine Specification"/>
    <property name="java.awt.printerjob" value="sun.awt.windows.WPrinterJob"/>
    <property name="sun.os.patch.level" value=""/>
    <property name="java.library.path" value="D:\jdk1.8.0_77\jdk1.8.0_77\jre\bin;C:\Windows\Sun\Java\bin;C:\Windows\system32;C:\Windows;D:\program_files2\java\jdk\bin;D:\program_files2\java\jdk\jre\bin;C:\Windows\system32;C:\Windows;C:\Windows\System32\Wbem;C:\Windows\System32\WindowsPowerShell\v1.0\;C:\Program Files (x86)\Microsoft SQL Server\90\Tools\binn\;D:\program_files2\apache-maven-3.5.0\bin;;D:\program_files1\tortoiesSVN\bin;D:\program_files2\apache-maven-3.5.0\bin;D:\program_files2\git\Git\bin;C:\Program Files\Microsoft\Web Platform Installer\;C:\Program Files (x86)\Microsoft ASP.NET\ASP.NET Web Pages\v1.0\;C:\Program Files\Microsoft SQL Server\110\Tools\Binn\;D:\program_files2\TortoiseGit\bin;D:\program_files2\nodejs\;C:\Users\Administrator\AppData\Roaming\npm;."/>
    <property name="java.vm.info" value="mixed mode"/>
    <property name="java.vendor" value="Oracle Corporation"/>
    <property name="java.vm.version" value="25.77-b03"/>
    <property name="java.ext.dirs" value="D:\jdk1.8.0_77\jdk1.8.0_77\jre\lib\ext;C:\Windows\Sun\Java\lib\ext"/>
    <property name="sun.io.unicode.encoding" value="UnicodeLittle"/>
    <property name="java.class.version" value="52.0"/>
  </properties>
  <testcase name="initializationError" classname="com.tt.demodao.DemoDaoApplicationTests" time="0.007">
    <error message="No runnable methods" type="java.lang.Exception">java.lang.Exception: No runnable methods
</error>
  </testcase>
</testsuite>